2024-02-08 15:32:41,760 - ERROR - An error occurred: Message: 
Stacktrace:
	GetHandleVerifier [0x00007FF7D12F5E42+3538674]
	(No symbol) [0x00007FF7D0F14C02]
	(No symbol) [0x00007FF7D0DC5AEB]
	(No symbol) [0x00007FF7D0E0BF4E]
	(No symbol) [0x00007FF7D0E0C0CC]
	(No symbol) [0x00007FF7D0E4E477]
	(No symbol) [0x00007FF7D0E2F0EF]
	(No symbol) [0x00007FF7D0E4BDE3]
	(No symbol) [0x00007FF7D0E2EE53]
	(No symbol) [0x00007FF7D0DFF514]
	(No symbol) [0x00007FF7D0E00631]
	GetHandleVerifier [0x00007FF7D1326CAD+3738973]
	GetHandleVerifier [0x00007FF7D137C506+4089270]
	GetHandleVerifier [0x00007FF7D1374823+4057299]
	GetHandleVerifier [0x00007FF7D1045C49+720121]
	(No symbol) [0x00007FF7D0F2126F]
	(No symbol) [0x00007FF7D0F1C304]
	(No symbol) [0x00007FF7D0F1C432]
	(No symbol) [0x00007FF7D0F0BD04]
	BaseThreadInitThunk [0x00007FF972D1257D+29]
	RtlUserThreadStart [0x00007FF9747EAA58+40]

